0 info it worked if it ends with ok
1 verbose cli [ '/usr/local/bin/node', '/usr/local/bin/npm', 'run', 'mock' ]
2 info using npm@3.10.10
3 info using node@v6.10.2
4 verbose run-script [ 'premock', 'mock', 'postmock' ]
5 info lifecycle echart-study@1.0.0~premock: echart-study@1.0.0
6 silly lifecycle echart-study@1.0.0~premock: no script for premock, continuing
7 info lifecycle echart-study@1.0.0~mock: echart-study@1.0.0
8 verbose lifecycle echart-study@1.0.0~mock: unsafe-perm in lifecycle true
9 verbose lifecycle echart-study@1.0.0~mock: PATH: /usr/local/lib/node_modules/npm/bin/node-gyp-bin:/Users/kasmine/Documents/MyRepository/reactStudy/node_modules/.bin:/usr/local/bin:/usr/bin:/bin:/usr/sbin:/sbin
10 verbose lifecycle echart-study@1.0.0~mock: CWD: /Users/kasmine/Documents/MyRepository/reactStudy
11 silly lifecycle echart-study@1.0.0~mock: Args: [ '-c',
11 silly lifecycle   'json-server --watch mockServer/db.js --routes mockServer/routes.json --port 9999' ]
12 silly lifecycle echart-study@1.0.0~mock: Returned: code: 1  signal: null
13 info lifecycle echart-study@1.0.0~mock: Failed to exec mock script
14 verbose stack Error: echart-study@1.0.0 mock: `json-server --watch mockServer/db.js --routes mockServer/routes.json --port 9999`
14 verbose stack Exit status 1
14 verbose stack     at EventEmitter.<anonymous> (/usr/local/lib/node_modules/npm/lib/utils/lifecycle.js:255:16)
14 verbose stack     at emitTwo (events.js:106:13)
14 verbose stack     at EventEmitter.emit (events.js:191:7)
14 verbose stack     at ChildProcess.<anonymous> (/usr/local/lib/node_modules/npm/lib/utils/spawn.js:40:14)
14 verbose stack     at emitTwo (events.js:106:13)
14 verbose stack     at ChildProcess.emit (events.js:191:7)
14 verbose stack     at maybeClose (internal/child_process.js:886:16)
14 verbose stack     at Process.ChildProcess._handle.onexit (internal/child_process.js:226:5)
15 verbose pkgid echart-study@1.0.0
16 verbose cwd /Users/kasmine/Documents/MyRepository/reactStudy
17 error Darwin 15.6.0
18 error argv "/usr/local/bin/node" "/usr/local/bin/npm" "run" "mock"
19 error node v6.10.2
20 error npm  v3.10.10
21 error code ELIFECYCLE
22 error echart-study@1.0.0 mock: `json-server --watch mockServer/db.js --routes mockServer/routes.json --port 9999`
22 error Exit status 1
23 error Failed at the echart-study@1.0.0 mock script 'json-server --watch mockServer/db.js --routes mockServer/routes.json --port 9999'.
23 error Make sure you have the latest version of node.js and npm installed.
23 error If you do, this is most likely a problem with the echart-study package,
23 error not with npm itself.
23 error Tell the author that this fails on your system:
23 error     json-server --watch mockServer/db.js --routes mockServer/routes.json --port 9999
23 error You can get information on how to open an issue for this project with:
23 error     npm bugs echart-study
23 error Or if that isn't available, you can get their info via:
23 error     npm owner ls echart-study
23 error There is likely additional logging output above.
24 verbose exit [ 1, true ]
